[2022-10-24 13:25:48,105] {taskinstance.py:1160} INFO - Dependencies all met for <TaskInstance: DagUnidad5.read_top10 manual__2022-10-24T16:24:33.549837+00:00 [queued]>
[2022-10-24 13:25:48,121] {taskinstance.py:1160} INFO - Dependencies all met for <TaskInstance: DagUnidad5.read_top10 manual__2022-10-24T16:24:33.549837+00:00 [queued]>
[2022-10-24 13:25:48,121] {taskinstance.py:1357} INFO - 
--------------------------------------------------------------------------------
[2022-10-24 13:25:48,121] {taskinstance.py:1358} INFO - Starting attempt 1 of 2
[2022-10-24 13:25:48,121] {taskinstance.py:1359} INFO - 
--------------------------------------------------------------------------------
[2022-10-24 13:25:48,811] {taskinstance.py:1378} INFO - Executing <Task(_PythonDecoratedOperator): read_top10> on 2022-10-24 16:24:33.549837+00:00
[2022-10-24 13:25:48,819] {standard_task_runner.py:52} INFO - Started process 404261 to run task
[2022-10-24 13:25:48,824] {standard_task_runner.py:79} INFO - Running: ['airflow', 'tasks', 'run', 'DagUnidad5', 'read_top10', 'manual__2022-10-24T16:24:33.549837+00:00', '--job-id', '13', '--raw', '--subdir', 'DAGS_FOLDER/DagUnidad5.py', '--cfg-path', '/tmp/tmpkeh0gbee', '--error-file', '/tmp/tmp_df0yxcl']
[2022-10-24 13:25:48,825] {standard_task_runner.py:80} INFO - Job 13: Subtask read_top10
[2022-10-24 13:25:49,254] {task_command.py:370} INFO - Running <TaskInstance: DagUnidad5.read_top10 manual__2022-10-24T16:24:33.549837+00:00 [running]> on host dev-s5-1128la
[2022-10-24 13:25:50,245] {taskinstance.py:1570} INFO - Exporting the following env vars:
AIRFLOW_CTX_DAG_EMAIL=some@somemail.com
AIRFLOW_CTX_DAG_OWNER=Alkemy_Prisma
AIRFLOW_CTX_DAG_ID=DagUnidad5
AIRFLOW_CTX_TASK_ID=read_top10
AIRFLOW_CTX_EXECUTION_DATE=2022-10-24T16:24:33.549837+00:00
AIRFLOW_CTX_TRY_NUMBER=1
AIRFLOW_CTX_DAG_RUN_ID=manual__2022-10-24T16:24:33.549837+00:00
[2022-10-24 13:25:52,456] {DagUnidad5.py:65} INFO - ...Archivo procesado correctamente...
[2022-10-24 13:25:52,481] {python.py:173} INFO - Done. Returned value was: None
[2022-10-24 13:25:52,502] {taskinstance.py:1396} INFO - Marking task as SUCCESS. dag_id=DagUnidad5, task_id=read_top10, execution_date=20221024T162433, start_date=20221024T162548, end_date=20221024T162552
[2022-10-24 13:25:52,691] {local_task_job.py:156} INFO - Task exited with return code 0
[2022-10-24 13:25:52,731] {local_task_job.py:273} INFO - 0 downstream tasks scheduled from follow-on schedule check
