2022-10-20 13:00:14,769 conversion exitosa: Frutilla ---> frutilla
2022-10-20 13:00:14,769 conversion exitosa: Melón ---> melón
2022-10-20 13:00:14,770 conversion exitosa: PERA ---> pera
2022-10-20 13:00:14,770 conversion fallida: 99.6
2022-10-20 13:00:14,770 conversion exitosa: NaranJA ---> naranja
2022-10-20 13:00:14,770 conversion exitosa: mORa ---> mora
2022-10-20 13:00:14,770 conversion exitosa: NisPERo ---> nispero
2022-10-20 13:00:14,770 conversion fallida: 99
2022-10-20 17:25:11,080 conversion exitosa: Frutilla ---> frutilla
2022-10-20 17:25:11,080 conversion exitosa: Melón ---> melón
2022-10-20 17:25:11,080 conversion exitosa: PERA ---> pera
2022-10-20 17:25:11,080 conversion fallida: 99.6
2022-10-20 17:25:11,080 conversion exitosa: NaranJA ---> naranja
2022-10-20 17:25:11,080 conversion exitosa: mORa ---> mora
2022-10-20 17:25:11,080 conversion exitosa: NisPERo ---> nispero
2022-10-20 17:25:11,081 conversion fallida: 99
2022-10-20 17:36:31,046 conversion exitosa: Frutilla ---> frutilla
2022-10-20 17:36:31,047 conversion exitosa: Melón ---> melón
2022-10-20 17:36:31,047 conversion exitosa: PERA ---> pera
2022-10-20 17:36:31,047 conversion fallida: 99.6
2022-10-20 17:36:31,047 conversion exitosa: NaranJA ---> naranja
2022-10-20 17:36:31,047 conversion exitosa: mORa ---> mora
2022-10-20 17:36:31,047 conversion exitosa: NisPERo ---> nispero
2022-10-20 17:36:31,047 conversion fallida: 99
2022-10-20 17:39:06,422 conversion exitosa: Frutilla ---> frutilla
2022-10-20 17:39:06,423 conversion exitosa: Melón ---> melón
2022-10-20 17:39:06,424 conversion exitosa: PERA ---> pera
2022-10-20 17:39:06,425 conversion fallida: 99.6
2022-10-20 17:39:06,425 conversion exitosa: NaranJA ---> naranja
2022-10-20 17:39:06,425 conversion exitosa: mORa ---> mora
2022-10-20 17:39:06,425 conversion exitosa: NisPERo ---> nispero
2022-10-20 17:39:06,425 conversion fallida: 99
2022-10-20 17:39:11,558 conversion exitosa: Frutilla ---> frutilla
2022-10-20 17:39:11,558 conversion exitosa: Frutilla ---> frutilla
2022-10-20 17:39:11,558 conversion exitosa: Melón ---> melón
2022-10-20 17:39:11,558 conversion exitosa: Melón ---> melón
2022-10-20 17:39:11,558 conversion exitosa: PERA ---> pera
2022-10-20 17:39:11,558 conversion exitosa: PERA ---> pera
2022-10-20 17:39:11,559 conversion fallida: 99.6
2022-10-20 17:39:11,559 conversion fallida: 99.6
2022-10-20 17:39:11,559 conversion exitosa: NaranJA ---> naranja
2022-10-20 17:39:11,559 conversion exitosa: NaranJA ---> naranja
2022-10-20 17:39:11,559 conversion exitosa: mORa ---> mora
2022-10-20 17:39:11,559 conversion exitosa: mORa ---> mora
2022-10-20 17:39:11,559 conversion exitosa: NisPERo ---> nispero
2022-10-20 17:39:11,559 conversion exitosa: NisPERo ---> nispero
2022-10-20 17:39:11,559 conversion fallida: 99
2022-10-20 17:39:11,559 conversion fallida: 99
