2022-10-20 11:46:19,134 root            INFO     conversion exitosa: Frutilla ---> frutilla
2022-10-20 11:46:19,134 root            INFO     conversion exitosa: Mel贸n ---> mel贸n
2022-10-20 11:46:19,134 root            INFO     conversion exitosa: PERA ---> pera
2022-10-20 11:46:19,134 root            ERROR    conversion fallida: 99.6
2022-10-20 11:46:19,134 root            INFO     conversion exitosa: NaranJA ---> naranja
2022-10-20 11:46:19,134 root            INFO     conversion exitosa: mORa ---> mora
2022-10-20 11:46:19,134 root            INFO     conversion exitosa: NisPERo ---> nispero
2022-10-20 11:46:19,134 root            ERROR    conversion fallida: 99
2022-10-20 11:46:44,669 root            INFO     conversion exitosa: Frutilla ---> frutilla
2022-10-20 11:46:44,670 root            INFO     conversion exitosa: Mel贸n ---> mel贸n
2022-10-20 11:46:44,671 root            INFO     conversion exitosa: PERA ---> pera
2022-10-20 11:46:44,671 root            ERROR    conversion fallida: 99.6
2022-10-20 11:46:44,671 root            INFO     conversion exitosa: NaranJA ---> naranja
2022-10-20 11:46:44,671 root            INFO     conversion exitosa: mORa ---> mora
2022-10-20 11:46:44,671 root            INFO     conversion exitosa: NisPERo ---> nispero
2022-10-20 11:46:44,672 root            ERROR    conversion fallida: 99
2022-10-20 11:47:01,981 root            ERROR    conversion fallida: 99.6
2022-10-20 11:47:01,982 root            ERROR    conversion fallida: 99
2022-10-20 12:22:51,461 root            ERROR    conversion fallida: 99.6
2022-10-20 12:22:51,465 root            ERROR    conversion fallida: 99
